<?xml version="1.0" encoding="UTF-8"?>
<testng-results ignored="1" total="2" passed="1" failed="0" skipped="0">
  <reporter-output>
  </reporter-output>
  <suite started-at="2021-03-12T13:48:34 IST" name="Default suite" finished-at="2021-03-12T13:49:15 IST" duration-ms="41024">
    <groups>
    </groups>
    <test started-at="2021-03-12T13:48:34 IST" name="Default test" finished-at="2021-03-12T13:49:15 IST" duration-ms="41024">
      <class name="com.crm.autodesk.contacttest.CreateContact">
        <test-method is-config="true" signature="configBS()[pri:0, instance:com.crm.autodesk.contacttest.CreateContact@732c2a62]" started-at="2021-03-12T13:48:34 IST" name="configBS" finished-at="2021-03-12T13:48:34 IST" duration-ms="15" status="PASS">
          <reporter-output>
          </reporter-output>
        </test-method> <!-- configBS -->
        <test-method is-config="true" signature="configBC()[pri:0, instance:com.crm.autodesk.contacttest.CreateContact@732c2a62]" started-at="2021-03-12T13:48:34 IST" name="configBC" finished-at="2021-03-12T13:48:42 IST" duration-ms="7513" status="PASS">
          <reporter-output>
          </reporter-output>
        </test-method> <!-- configBC -->
        <test-method is-config="true" signature="configBM()[pri:0, instance:com.crm.autodesk.contacttest.CreateContact@732c2a62]" started-at="2021-03-12T13:48:42 IST" name="configBM" finished-at="2021-03-12T13:48:48 IST" duration-ms="6014" status="PASS">
          <reporter-output>
          </reporter-output>
        </test-method> <!-- configBM -->
        <test-method signature="cretecontact()[pri:0, instance:com.crm.autodesk.contacttest.CreateContact@732c2a62]" started-at="2021-03-12T13:48:48 IST" name="cretecontact" finished-at="2021-03-12T13:49:11 IST" duration-ms="23290" status="PASS">
          <reporter-output>
          </reporter-output>
        </test-method> <!-- cretecontact -->
        <test-method is-config="true" signature="configAM()[pri:0, instance:com.crm.autodesk.contacttest.CreateContact@732c2a62]" started-at="2021-03-12T13:49:11 IST" name="configAM" finished-at="2021-03-12T13:49:14 IST" duration-ms="3371" status="PASS">
          <reporter-output>
          </reporter-output>
        </test-method> <!-- configAM -->
        <test-method is-config="true" signature="configAC()[pri:0, instance:com.crm.autodesk.contacttest.CreateContact@732c2a62]" started-at="2021-03-12T13:49:14 IST" name="configAC" finished-at="2021-03-12T13:49:15 IST" duration-ms="204" status="PASS">
          <reporter-output>
          </reporter-output>
        </test-method> <!-- configAC -->
        <test-method is-config="true" signature="configAS()[pri:0, instance:com.crm.autodesk.contacttest.CreateContact@732c2a62]" started-at="2021-03-12T13:49:15 IST" name="configAS" finished-at="2021-03-12T13:49:15 IST" duration-ms="1" status="PASS">
          <reporter-output>
          </reporter-output>
        </test-method> <!-- configAS -->
      </class> <!-- com.crm.autodesk.contacttest.CreateContact -->
    </test> <!-- Default test -->
  </suite> <!-- Default suite -->
</testng-results>
