<?xml version="1.0" encoding="UTF-8"?>
<!-- Generated by org.testng.reporters.JUnitXMLReporter -->
<testsuite ignored="1" hostname="DESKTOP-T1QKRRO" failures="0" tests="1" name="Default test" time="41.024" errors="0" timestamp="2021-03-12T13:49:15 IST">
  <testcase classname="com.crm.autodesk.contacttest.CreateContact" name="cretecontact" time="23.29"/>
  <testcase classname="com.crm.autodesk.contacttest.CreateContact" name="cretecontactwithORg" time="0.0">
    <ignored/>
  </testcase> <!-- cretecontactwithORg -->
</testsuite> <!-- Default test -->
